2021-11-08 09:55:20,599 INFO notifyConnectTimeout:200

2021-11-08 09:55:20,605 INFO notifySocketTimeout:8000

2021-11-08 09:55:20,605 INFO isHealthCheck:true

2021-11-08 09:55:20,605 INFO maxHealthCheckFailCount:12

2021-11-08 09:55:20,605 INFO maxContent:10485760

2021-11-08 09:55:25,110 INFO use local db service for init

2021-11-08 09:55:25,861 WARN Lexical error at line 4, column 66.  Encountered: <EOF> after : "".

2021-11-08 09:55:25,878 WARN Syntax error: Encountered "*" at line 1, column 1.

2021-11-08 09:55:25,918 WARN Table/View 'CONFIG_INFO' already exists in Schema 'NACOS'.

2021-11-08 09:55:25,972 WARN Table/View 'HIS_CONFIG_INFO' already exists in Schema 'NACOS'.

2021-11-08 09:55:25,990 WARN Table/View 'CONFIG_INFO_BETA' already exists in Schema 'NACOS'.

2021-11-08 09:55:25,997 WARN Table/View 'CONFIG_INFO_TAG' already exists in Schema 'NACOS'.

2021-11-08 09:55:26,002 WARN Table/View 'CONFIG_INFO_AGGR' already exists in Schema 'NACOS'.

2021-11-08 09:55:26,009 WARN Table/View 'APP_LIST' already exists in Schema 'NACOS'.

2021-11-08 09:55:26,014 WARN Table/View 'APP_CONFIGDATA_RELATION_SUBS' already exists in Schema 'NACOS'.

2021-11-08 09:55:26,019 WARN Table/View 'APP_CONFIGDATA_RELATION_PUBS' already exists in Schema 'NACOS'.

2021-11-08 09:55:26,024 WARN Table/View 'CONFIG_TAGS_RELATION' already exists in Schema 'NACOS'.

2021-11-08 09:55:26,034 WARN Table/View 'GROUP_CAPACITY' already exists in Schema 'NACOS'.

2021-11-08 09:55:26,040 WARN Table/View 'TENANT_CAPACITY' already exists in Schema 'NACOS'.

2021-11-08 09:55:26,045 WARN Table/View 'TENANT_INFO' already exists in Schema 'NACOS'.

2021-11-08 09:55:26,053 WARN Table/View 'USERS' already exists in Schema 'NACOS'.

2021-11-08 09:55:26,057 WARN Table/View 'ROLES' already exists in Schema 'NACOS'.

2021-11-08 09:55:26,062 WARN Table/View 'PERMISSIONS' already exists in Schema 'NACOS'.

2021-11-08 09:55:26,122 WARN The statement was aborted because it would have caused a duplicate key value in a unique or primary key constraint or unique index identified by 'SQL210728173653050' defined on 'USERS'.

2021-11-08 09:55:26,127 WARN The statement was aborted because it would have caused a duplicate key value in a unique or primary key constraint or unique index identified by 'UK_USERNAME_ROLE' defined on 'ROLES'.

2021-11-08 09:55:26,127 WARN Lexical error at line 4, column 13.  Encountered: "`" (96), after : "".

2021-11-08 09:55:26,128 WARN Lexical error at line 1, column 13.  Encountered: "`" (96), after : "".

2021-11-08 09:55:26,128 WARN Lexical error at line 1, column 13.  Encountered: "`" (96), after : "".

2021-11-08 09:55:26,128 WARN Lexical error at line 1, column 13.  Encountered: "`" (96), after : "".

2021-11-08 09:55:26,128 INFO use StandaloneDatabaseOperateImpl

2021-11-08 09:55:27,174 WARN DumpService start

2021-11-08 09:55:27,175 INFO start clear all config-info.

2021-11-08 09:55:27,175 WARN clear all config-info failed.

2021-11-08 09:55:27,176 WARN clear all config-info-tenant failed.

2021-11-08 09:55:27,267 INFO [all-dump] 394736632517476352 / 394736632517476352

2021-11-08 09:55:27,267 INFO start clear all config-info-beta.

2021-11-08 09:55:27,267 WARN clear all config-info-beta failed.

2021-11-08 09:55:27,267 WARN clear all config-info-beta-tenant failed.

2021-11-08 09:55:27,413 INFO start clear all config-info-tag.

2021-11-08 09:55:27,414 WARN clear all config-info-tag failed.

2021-11-08 09:55:27,414 WARN clear all config-info-tag-tenant failed.

