2021-11-08 09:55:20,614 INFO Starting Nacos v1.4.1 on USERMIC-CJMHS04 with PID 1228 (D:\nacos\target\nacos-server.jar started by Administrator in D:\nacos\bin)

2021-11-08 09:55:20,615 INFO The following profiles are active: standalone

2021-11-08 09:55:24,145 INFO Bean 'org.springframework.security.access.expression.method.DefaultMethodSecurityExpressionHandler@21129f1f' of type [org.springframework.security.access.expression.method.DefaultMethodSecurityExpressionHandler] is not eligible for getting processed by all BeanPostProcessors (for example: not eligible for auto-proxying)

2021-11-08 09:55:24,151 INFO Bean 'methodSecurityMetadataSource' of type [org.springframework.security.access.method.DelegatingMethodSecurityMetadataSource] is not eligible for getting processed by all BeanPostProcessors (for example: not eligible for auto-proxying)

2021-11-08 09:55:24,536 INFO Tomcat initialized with port(s): 4396 (http)

2021-11-08 09:55:24,565 INFO Starting service [Tomcat]

2021-11-08 09:55:24,566 INFO Starting Servlet engine: [Apache Tomcat/9.0.38]

2021-11-08 09:55:24,843 INFO At least one JAR was scanned for TLDs yet contained no TLDs. Enable debug logging for this logger for a complete list of JARs that were scanned but no TLDs were found in them. Skipping unneeded JARs during scanning can improve startup time and JSP compilation time.

2021-11-08 09:55:24,879 INFO Initializing Spring embedded WebApplicationContext

2021-11-08 09:55:24,879 INFO Root WebApplicationContext: initialization completed in 4186 ms

2021-11-08 09:55:25,416 INFO HikariPool-1 - Starting...

2021-11-08 09:55:25,418 WARN Registered driver with driverClassName=org.apache.derby.jdbc.EmbeddedDriver was not found, trying direct instantiation.

2021-11-08 09:55:25,744 INFO HikariPool-1 - Driver does not support get/set network timeout for connections. (Feature not implemented: No details.)

2021-11-08 09:55:25,748 INFO HikariPool-1 - Start completed.

2021-11-08 09:55:26,554 INFO Nacos-related cluster resource initialization

2021-11-08 09:55:26,563 INFO The cluster resource is initialized

2021-11-08 09:55:26,940 INFO Reflections took 39 ms to scan 1 urls, producing 4 keys and 6 values 

2021-11-08 09:55:26,964 INFO Reflections took 3 ms to scan 1 urls, producing 6 keys and 26 values 

2021-11-08 09:55:26,977 INFO Reflections took 3 ms to scan 1 urls, producing 3 keys and 15 values 

2021-11-08 09:55:26,985 INFO Reflections took 2 ms to scan 1 urls, producing 2 keys and 12 values 

2021-11-08 09:55:27,769 INFO Initializing ExecutorService 'applicationTaskExecutor'

2021-11-08 09:55:27,879 INFO Adding welcome page: class path resource [static/index.html]

2021-11-08 09:55:28,280 INFO Creating filter chain: Ant [pattern='/**'], []

2021-11-08 09:55:28,313 INFO Creating filter chain: any request, [org.springframework.security.web.context.request.async.WebAsyncManagerIntegrationFilter@37d80fe7, org.springframework.security.web.context.SecurityContextPersistenceFilter@7646731d, org.springframework.security.web.header.HeaderWriterFilter@7a0e1b5e, org.springframework.security.web.csrf.CsrfFilter@aec50a1, org.springframework.security.web.authentication.logout.LogoutFilter@62da83ed, org.springframework.security.web.savedrequest.RequestCacheAwareFilter@3b1bb3ab, org.springframework.security.web.servletapi.SecurityContextHolderAwareRequestFilter@2449cff7, org.springframework.security.web.authentication.AnonymousAuthenticationFilter@384fc774, org.springframework.security.web.session.SessionManagementFilter@173b9122, org.springframework.security.web.access.ExceptionTranslationFilter@70d2e40b]

2021-11-08 09:55:28,413 INFO Initializing ExecutorService 'taskScheduler'

2021-11-08 09:55:28,429 INFO Exposing 2 endpoint(s) beneath base path '/actuator'

2021-11-08 09:55:28,516 INFO Tomcat started on port(s): 4396 (http) with context path '/nacos'

2021-11-08 09:55:28,519 INFO Started Nacos in 8.906 seconds (JVM running for 9.503)

2021-11-08 09:55:28,519 INFO Nacos started successfully in stand alone mode. use embedded storage

2021-11-08 09:55:50,926 INFO Initializing Spring DispatcherServlet 'dispatcherServlet'

2021-11-08 09:55:50,927 INFO Initializing Servlet 'dispatcherServlet'

2021-11-08 09:55:50,934 INFO Completed initialization in 7 ms

2021-11-08 10:05:27,118 INFO [capacityManagement] start correct usage

2021-11-08 10:05:27,133 INFO [capacityManagement] end correct usage, cost: 0s

2021-11-08 10:05:27,444 WARN clearConfigHistory start

2021-11-08 10:05:27,451 WARN clearConfigHistory, getBeforeStamp:2021-10-09 10:05:27.0, totalCount:3, pageSize:1000, removeTime:1

2021-11-08 10:15:27,142 INFO [capacityManagement] start correct usage

2021-11-08 10:15:27,142 INFO [capacityManagement] end correct usage, cost: 0s

2021-11-08 10:15:27,514 WARN clearConfigHistory start

2021-11-08 10:15:27,515 WARN clearConfigHistory, getBeforeStamp:2021-10-09 10:15:27.0, totalCount:3, pageSize:1000, removeTime:1

2021-11-08 10:25:27,146 INFO [capacityManagement] start correct usage

2021-11-08 10:25:27,147 INFO [capacityManagement] end correct usage, cost: 0s

2021-11-08 10:25:27,520 WARN clearConfigHistory start

2021-11-08 10:25:27,521 WARN clearConfigHistory, getBeforeStamp:2021-10-09 10:25:27.0, totalCount:3, pageSize:1000, removeTime:1

2021-11-08 10:35:27,155 INFO [capacityManagement] start correct usage

2021-11-08 10:35:27,155 INFO [capacityManagement] end correct usage, cost: 0s

2021-11-08 10:35:27,527 WARN clearConfigHistory start

2021-11-08 10:35:27,527 WARN clearConfigHistory, getBeforeStamp:2021-10-09 10:35:27.0, totalCount:3, pageSize:1000, removeTime:1

2021-11-08 10:45:27,160 INFO [capacityManagement] start correct usage

2021-11-08 10:45:27,160 INFO [capacityManagement] end correct usage, cost: 0s

2021-11-08 10:45:27,534 WARN clearConfigHistory start

2021-11-08 10:45:27,534 WARN clearConfigHistory, getBeforeStamp:2021-10-09 10:45:27.0, totalCount:3, pageSize:1000, removeTime:1

2021-11-08 10:55:27,174 INFO [capacityManagement] start correct usage

2021-11-08 10:55:27,174 INFO [capacityManagement] end correct usage, cost: 0s

2021-11-08 10:55:27,548 WARN clearConfigHistory start

2021-11-08 10:55:27,548 WARN clearConfigHistory, getBeforeStamp:2021-10-09 10:55:27.0, totalCount:3, pageSize:1000, removeTime:1

2021-11-08 11:05:27,176 INFO [capacityManagement] start correct usage

2021-11-08 11:05:27,176 INFO [capacityManagement] end correct usage, cost: 0s

2021-11-08 11:05:27,563 WARN clearConfigHistory start

2021-11-08 11:05:27,563 WARN clearConfigHistory, getBeforeStamp:2021-10-09 11:05:27.0, totalCount:3, pageSize:1000, removeTime:1

2021-11-08 11:15:27,182 INFO [capacityManagement] start correct usage

2021-11-08 11:15:27,182 INFO [capacityManagement] end correct usage, cost: 0s

2021-11-08 11:15:27,568 WARN clearConfigHistory start

2021-11-08 11:15:27,568 WARN clearConfigHistory, getBeforeStamp:2021-10-09 11:15:27.0, totalCount:3, pageSize:1000, removeTime:1

2021-11-08 11:25:27,195 INFO [capacityManagement] start correct usage

2021-11-08 11:25:27,195 INFO [capacityManagement] end correct usage, cost: 0s

2021-11-08 11:25:27,583 WARN clearConfigHistory start

2021-11-08 11:25:27,583 WARN clearConfigHistory, getBeforeStamp:2021-10-09 11:25:27.0, totalCount:3, pageSize:1000, removeTime:1

2021-11-08 11:35:27,204 INFO [capacityManagement] start correct usage

2021-11-08 11:35:27,205 INFO [capacityManagement] end correct usage, cost: 0s

2021-11-08 11:35:27,594 WARN clearConfigHistory start

2021-11-08 11:35:27,594 WARN clearConfigHistory, getBeforeStamp:2021-10-09 11:35:27.0, totalCount:3, pageSize:1000, removeTime:1

2021-11-08 11:45:27,209 INFO [capacityManagement] start correct usage

2021-11-08 11:45:27,211 INFO [capacityManagement] end correct usage, cost: 0s

2021-11-08 11:45:27,599 WARN clearConfigHistory start

2021-11-08 11:45:27,600 WARN clearConfigHistory, getBeforeStamp:2021-10-09 11:45:27.0, totalCount:3, pageSize:1000, removeTime:1

2021-11-08 11:55:27,218 INFO [capacityManagement] start correct usage

2021-11-08 11:55:27,218 INFO [capacityManagement] end correct usage, cost: 0s

2021-11-08 11:55:27,611 WARN clearConfigHistory start

2021-11-08 11:55:27,611 WARN clearConfigHistory, getBeforeStamp:2021-10-09 11:55:27.0, totalCount:3, pageSize:1000, removeTime:1

2021-11-08 12:05:27,220 INFO [capacityManagement] start correct usage

2021-11-08 12:05:27,220 INFO [capacityManagement] end correct usage, cost: 0s

2021-11-08 12:05:27,625 WARN clearConfigHistory start

2021-11-08 12:05:27,626 WARN clearConfigHistory, getBeforeStamp:2021-10-09 12:05:27.0, totalCount:3, pageSize:1000, removeTime:1

2021-11-08 12:15:27,234 INFO [capacityManagement] start correct usage

2021-11-08 12:15:27,234 INFO [capacityManagement] end correct usage, cost: 0s

2021-11-08 12:15:27,639 WARN clearConfigHistory start

2021-11-08 12:15:27,639 WARN clearConfigHistory, getBeforeStamp:2021-10-09 12:15:27.0, totalCount:3, pageSize:1000, removeTime:1

2021-11-08 12:25:27,245 INFO [capacityManagement] start correct usage

2021-11-08 12:25:27,245 INFO [capacityManagement] end correct usage, cost: 0s

2021-11-08 12:25:27,650 WARN clearConfigHistory start

2021-11-08 12:25:27,650 WARN clearConfigHistory, getBeforeStamp:2021-10-09 12:25:27.0, totalCount:3, pageSize:1000, removeTime:1

2021-11-08 12:35:27,260 INFO [capacityManagement] start correct usage

2021-11-08 12:35:27,264 INFO [capacityManagement] end correct usage, cost: 0s

2021-11-08 12:35:27,653 WARN clearConfigHistory start

2021-11-08 12:35:27,654 WARN clearConfigHistory, getBeforeStamp:2021-10-09 12:35:27.0, totalCount:3, pageSize:1000, removeTime:1

2021-11-08 12:45:27,264 INFO [capacityManagement] start correct usage

2021-11-08 12:45:27,264 INFO [capacityManagement] end correct usage, cost: 0s

2021-11-08 12:45:27,657 WARN clearConfigHistory start

2021-11-08 12:45:27,657 WARN clearConfigHistory, getBeforeStamp:2021-10-09 12:45:27.0, totalCount:3, pageSize:1000, removeTime:1

2021-11-08 12:55:27,275 INFO [capacityManagement] start correct usage

2021-11-08 12:55:27,275 INFO [capacityManagement] end correct usage, cost: 0s

2021-11-08 12:55:27,667 WARN clearConfigHistory start

2021-11-08 12:55:27,667 WARN clearConfigHistory, getBeforeStamp:2021-10-09 12:55:27.0, totalCount:3, pageSize:1000, removeTime:1

2021-11-08 13:05:27,291 INFO [capacityManagement] start correct usage

2021-11-08 13:05:27,291 INFO [capacityManagement] end correct usage, cost: 0s

2021-11-08 13:05:27,673 WARN clearConfigHistory start

2021-11-08 13:05:27,673 WARN clearConfigHistory, getBeforeStamp:2021-10-09 13:05:27.0, totalCount:3, pageSize:1000, removeTime:1

2021-11-08 13:15:27,297 INFO [capacityManagement] start correct usage

2021-11-08 13:15:27,297 INFO [capacityManagement] end correct usage, cost: 0s

2021-11-08 13:15:27,675 WARN clearConfigHistory start

2021-11-08 13:15:27,675 WARN clearConfigHistory, getBeforeStamp:2021-10-09 13:15:27.0, totalCount:3, pageSize:1000, removeTime:1

2021-11-08 13:25:27,309 INFO [capacityManagement] start correct usage

2021-11-08 13:25:27,309 INFO [capacityManagement] end correct usage, cost: 0s

2021-11-08 13:25:27,680 WARN clearConfigHistory start

2021-11-08 13:25:27,680 WARN clearConfigHistory, getBeforeStamp:2021-10-09 13:25:27.0, totalCount:3, pageSize:1000, removeTime:1

2021-11-08 13:35:27,310 INFO [capacityManagement] start correct usage

2021-11-08 13:35:27,310 INFO [capacityManagement] end correct usage, cost: 0s

2021-11-08 13:35:27,683 WARN clearConfigHistory start

2021-11-08 13:35:27,684 WARN clearConfigHistory, getBeforeStamp:2021-10-09 13:35:27.0, totalCount:3, pageSize:1000, removeTime:1

2021-11-08 13:45:27,314 INFO [capacityManagement] start correct usage

2021-11-08 13:45:27,314 INFO [capacityManagement] end correct usage, cost: 0s

2021-11-08 13:45:27,689 WARN clearConfigHistory start

2021-11-08 13:45:27,689 WARN clearConfigHistory, getBeforeStamp:2021-10-09 13:45:27.0, totalCount:3, pageSize:1000, removeTime:1

2021-11-08 13:55:27,324 INFO [capacityManagement] start correct usage

2021-11-08 13:55:27,324 INFO [capacityManagement] end correct usage, cost: 0s

2021-11-08 13:55:27,697 WARN clearConfigHistory start

2021-11-08 13:55:27,697 WARN clearConfigHistory, getBeforeStamp:2021-10-09 13:55:27.0, totalCount:3, pageSize:1000, removeTime:1

2021-11-08 14:05:27,327 INFO [capacityManagement] start correct usage

2021-11-08 14:05:27,327 INFO [capacityManagement] end correct usage, cost: 0s

2021-11-08 14:05:27,702 WARN clearConfigHistory start

2021-11-08 14:05:27,702 WARN clearConfigHistory, getBeforeStamp:2021-10-09 14:05:27.0, totalCount:3, pageSize:1000, removeTime:1

2021-11-08 14:15:27,336 INFO [capacityManagement] start correct usage

2021-11-08 14:15:27,336 INFO [capacityManagement] end correct usage, cost: 0s

2021-11-08 14:15:27,710 WARN clearConfigHistory start

2021-11-08 14:15:27,710 WARN clearConfigHistory, getBeforeStamp:2021-10-09 14:15:27.0, totalCount:3, pageSize:1000, removeTime:1

2021-11-08 14:25:27,345 INFO [capacityManagement] start correct usage

2021-11-08 14:25:27,346 INFO [capacityManagement] end correct usage, cost: 0s

2021-11-08 14:25:27,716 WARN clearConfigHistory start

2021-11-08 14:25:27,716 WARN clearConfigHistory, getBeforeStamp:2021-10-09 14:25:27.0, totalCount:3, pageSize:1000, removeTime:1

