2021-11-08 09:55:57,454 INFO PERFORMANCE:|0|0|-1|-1

2021-11-08 10:00:57,458 INFO PERFORMANCE:|0|0|-1|-1

2021-11-08 10:05:57,468 INFO PERFORMANCE:|3|3|-1|-1

2021-11-08 10:10:57,472 INFO PERFORMANCE:|3|3|-1|-1

2021-11-08 10:15:57,487 INFO PERFORMANCE:|3|3|-1|-1

2021-11-08 10:20:57,489 INFO PERFORMANCE:|3|3|-1|-1

2021-11-08 10:25:57,499 INFO PERFORMANCE:|3|3|-1|-1

2021-11-08 10:30:57,514 INFO PERFORMANCE:|3|3|-1|-1

2021-11-08 10:35:57,526 INFO PERFORMANCE:|3|3|-1|-1

2021-11-08 10:40:57,538 INFO PERFORMANCE:|3|3|-1|-1

2021-11-08 10:45:57,546 INFO PERFORMANCE:|3|3|16|16

2021-11-08 10:50:57,553 INFO PERFORMANCE:|3|3|-1|-1

2021-11-08 10:55:57,564 INFO PERFORMANCE:|3|3|-1|-1

2021-11-08 11:00:57,575 INFO PERFORMANCE:|3|3|-1|-1

2021-11-08 11:05:57,604 INFO PERFORMANCE:|3|3|-1|-1

2021-11-08 11:10:57,616 INFO PERFORMANCE:|3|3|-1|-1

2021-11-08 11:15:57,620 INFO PERFORMANCE:|3|3|-1|-1

2021-11-08 11:20:57,631 INFO PERFORMANCE:|3|3|-1|-1

2021-11-08 11:25:57,638 INFO PERFORMANCE:|3|3|-1|-1

2021-11-08 11:30:57,653 INFO PERFORMANCE:|3|4|-1|-1

2021-11-08 11:35:57,654 INFO PERFORMANCE:|3|4|-1|-1

2021-11-08 11:40:57,663 INFO PERFORMANCE:|3|4|-1|-1

2021-11-08 11:45:57,679 INFO PERFORMANCE:|3|4|-1|-1

2021-11-08 11:50:57,690 INFO PERFORMANCE:|3|4|-1|-1

2021-11-08 11:55:57,699 INFO PERFORMANCE:|3|4|-1|-1

2021-11-08 12:00:57,706 INFO PERFORMANCE:|3|4|-1|-1

2021-11-08 12:05:57,713 INFO PERFORMANCE:|3|4|-1|-1

2021-11-08 12:10:57,716 INFO PERFORMANCE:|3|4|-1|-1

2021-11-08 12:15:57,730 INFO PERFORMANCE:|3|4|-1|-1

2021-11-08 12:20:57,740 INFO PERFORMANCE:|3|4|-1|-1

2021-11-08 12:25:57,743 INFO PERFORMANCE:|3|4|-1|-1

2021-11-08 12:30:57,754 INFO PERFORMANCE:|3|4|-1|-1

2021-11-08 12:35:57,768 INFO PERFORMANCE:|3|4|-1|-1

2021-11-08 12:40:57,783 INFO PERFORMANCE:|3|4|-1|-1

2021-11-08 12:45:57,792 INFO PERFORMANCE:|3|4|-1|-1

2021-11-08 12:50:57,806 INFO PERFORMANCE:|3|4|-1|-1

2021-11-08 12:55:57,817 INFO PERFORMANCE:|3|4|-1|-1

2021-11-08 13:00:57,833 INFO PERFORMANCE:|3|4|-1|-1

2021-11-08 13:05:57,840 INFO PERFORMANCE:|3|4|-1|-1

2021-11-08 13:10:57,848 INFO PERFORMANCE:|3|4|-1|-1

2021-11-08 13:15:57,863 INFO PERFORMANCE:|3|4|-1|-1

2021-11-08 13:20:57,873 INFO PERFORMANCE:|3|4|-1|-1

2021-11-08 13:25:57,876 INFO PERFORMANCE:|3|4|-1|-1

2021-11-08 13:30:57,884 INFO PERFORMANCE:|3|4|-1|-1

2021-11-08 13:35:57,897 INFO PERFORMANCE:|3|4|-1|-1

2021-11-08 13:40:57,898 INFO PERFORMANCE:|3|4|-1|-1

2021-11-08 13:45:57,912 INFO PERFORMANCE:|3|4|-1|-1

2021-11-08 13:50:57,927 INFO PERFORMANCE:|3|4|-1|-1

2021-11-08 13:55:57,937 INFO PERFORMANCE:|3|4|-1|-1

2021-11-08 14:00:57,945 INFO PERFORMANCE:|3|4|-1|-1

2021-11-08 14:05:57,949 INFO PERFORMANCE:|3|4|-1|-1

2021-11-08 14:10:57,962 INFO PERFORMANCE:|2|3|-1|-1

2021-11-08 14:15:57,967 INFO PERFORMANCE:|3|3|2|2

2021-11-08 14:20:57,976 INFO PERFORMANCE:|3|4|-1|-1

2021-11-08 14:25:57,989 INFO PERFORMANCE:|3|4|-1|-1

