2021-11-08 09:55:26,600 INFO raft peers changed: [Member{ip='192.168.160.1', port=4396, state=UP, extendInfo={raftPort=3396}}]

2021-11-08 09:55:26,621 INFO initializing Raft sub-system

2021-11-08 09:55:26,622 INFO finish loading all datums, size: 0 cost 0 ms.

2021-11-08 09:55:26,625 INFO cache loaded, datum count: 0, current term: 0

2021-11-08 09:55:26,625 INFO finish to load data from disk, cost: 3 ms.

2021-11-08 09:55:26,627 INFO timer started: leader timeout ms: 15000, heart-beat timeout ms: 5000

2021-11-08 09:55:27,073 INFO add listener: com.alibaba.nacos.naming.domains.meta.00-00---000-NACOS_SWITCH_DOMAIN-000---00-00

2021-11-08 09:55:27,085 INFO add listener: com.alibaba.nacos.naming.domains.meta.

2021-11-08 09:55:31,600 WARN start to close old raft protocol!!!

2021-11-08 09:55:31,600 WARN stop old raft protocol task for notifier

2021-11-08 09:55:31,600 WARN stop old raft protocol task for master task

2021-11-08 09:55:31,600 WARN stop old raft protocol task for heartbeat task

2021-11-08 09:55:31,600 WARN clean old cache datum for old raft

2021-11-08 09:55:31,600 WARN start to close old raft protocol!!!

2021-11-08 09:55:31,600 WARN stop old raft protocol task for notifier

2021-11-08 09:55:31,600 WARN stop old raft protocol task for master task

2021-11-08 09:55:31,600 WARN stop old raft protocol task for heartbeat task

2021-11-08 09:55:31,600 WARN clean old cache datum for old raft

2021-11-08 09:55:31,600 WARN start to move old raft protocol metadata

2021-11-08 09:55:31,601 WARN start to move old raft protocol metadata

2021-11-08 09:55:31,602 INFO raft peers changed: [Member{ip='192.168.160.1', port=4396, state=UP, extendInfo={lastRefreshTime=1636336531601, raftPort=3396, version=1.4.1}}]

2021-11-08 10:01:05,912 INFO add listener: com.alibaba.nacos.naming.iplist.public##DEFAULT_GROUP@@user-service

2021-11-08 10:03:23,196 INFO add listener: com.alibaba.nacos.naming.iplist.public##DEFAULT_GROUP@@product-service

2021-11-08 10:04:59,065 INFO add listener: com.alibaba.nacos.naming.iplist.public##DEFAULT_GROUP@@order-service

2021-11-08 14:09:47,141 INFO [RAFT-NOTIFIER] datum is deleted, key: com.alibaba.nacos.naming.domains.meta.public##DEFAULT_GROUP@@order-service

2021-11-08 14:11:44,933 INFO add listener: com.alibaba.nacos.naming.iplist.public##DEFAULT_GROUP@@order-service

